<?xml version="1.0" encoding="UTF-8"?>
<!-- Generated by org.testng.reporters.JUnitReportReporter -->
<testsuite hostname="Akram-PC" name="test.SampleTestSuite" tests="1" failures="0" timestamp="21 Nov 2017 22:33:41 GMT" time="15.392" errors="0">
  <testcase name="testGLS" time="15.392" classname="test.SampleTestSuite"/>
</testsuite> <!-- test.SampleTestSuite -->
